<?xml version="1.0" encoding="UTF-8"?>
<!-- Generated by org.testng.reporters.JUnitReportReporter -->
<testsuite hostname="DeepThought.fios-router.home" failures="0" tests="1" name="homePage.testHomePage" time="0.691" errors="0" timestamp="22 Oct 2023 00:41:36 GMT">
  <testcase classname="homePage.testHomePage" name="testOpenHomePage" time="0.691"/>
</testsuite> <!-- homePage.testHomePage -->
